2018-12-13 10:03:27,338 [Worker-8] INFO  o.e.m.c.i.l.LifecycleMappingFactory - Using org.eclipse.m2e.jdt.JarLifecycleMapping lifecycle mapping for MavenProject: com.cg:employee-code-module:0.0.1-SNAPSHOT @ C:\Users\ashwishe\Desktop\New folder (3)\employee-code-module\pom.xml.
2018-12-13 10:03:35,338 [Worker-8] INFO  o.e.m.c.i.l.LifecycleMappingFactory - Using org.eclipse.m2e.jdt.JarLifecycleMapping lifecycle mapping for MavenProject: com.cg.expenseclaimdetailsmodule:expense-claim-details-module:0.0.1-SNAPSHOT @ C:\Users\ashwishe\Desktop\New folder (3)\expense-claim-module\pom.xml.
2018-12-13 10:03:36,354 [Worker-8] INFO  o.e.m.c.i.e.AbstractTransferListenerAdapter - Downloaded https://repo.spring.io/milestone/org/apache/tomcat/embed/tomcat-embed-jasper/9.0.13/tomcat-embed-jasper-9.0.13.pom
2018-12-13 10:03:36,776 [Worker-8] INFO  o.e.m.c.i.e.AbstractTransferListenerAdapter - Downloading http://repo.maven.apache.org/maven2/org/apache/tomcat/embed/tomcat-embed-jasper/9.0.13/tomcat-embed-jasper-9.0.13.pom
2018-12-13 10:03:37,104 [Worker-8] INFO  o.e.m.c.i.e.AbstractTransferListenerAdapter - Downloaded http://repo.maven.apache.org/maven2/org/apache/tomcat/embed/tomcat-embed-jasper/9.0.13/tomcat-embed-jasper-9.0.13.pom
2018-12-13 10:03:38,354 [Worker-8] INFO  o.e.m.c.i.e.AbstractTransferListenerAdapter - Downloaded https://repo.spring.io/milestone/org/apache/tomcat/embed/tomcat-embed-jasper/9.0.13/tomcat-embed-jasper-9.0.13.jar
2018-12-13 10:03:38,729 [Worker-8] INFO  o.e.m.c.i.e.AbstractTransferListenerAdapter - Downloaded https://repo.spring.io/milestone/org/apache/tomcat/tomcat-annotations-api/9.0.13/tomcat-annotations-api-9.0.13.jar
2018-12-13 10:03:38,948 [Worker-8] INFO  o.e.m.c.i.e.AbstractTransferListenerAdapter - Downloading http://repo.maven.apache.org/maven2/org/apache/tomcat/embed/tomcat-embed-jasper/9.0.13/tomcat-embed-jasper-9.0.13.jar
2018-12-13 10:03:42,541 [Worker-8] INFO  o.e.m.c.i.e.AbstractTransferListenerAdapter - Downloaded http://repo.maven.apache.org/maven2/org/apache/tomcat/embed/tomcat-embed-jasper/9.0.13/tomcat-embed-jasper-9.0.13.jar
2018-12-13 10:03:42,682 [Worker-8] INFO  o.e.m.c.i.e.AbstractTransferListenerAdapter - Downloading http://repo.maven.apache.org/maven2/org/apache/tomcat/tomcat-annotations-api/9.0.13/tomcat-annotations-api-9.0.13.jar
2018-12-13 10:03:45,697 [Worker-8] INFO  o.e.m.c.i.e.AbstractTransferListenerAdapter - Downloaded http://repo.maven.apache.org/maven2/org/apache/tomcat/tomcat-annotations-api/9.0.13/tomcat-annotations-api-9.0.13.jar
2018-12-13 10:03:46,057 [Worker-8] WARN  o.e.m.c.i.embedder.EclipseLogger - Failed to dispatch repository event to org.eclipse.m2e.core.internal.embedder.EclipseRepositoryListener: null
2018-12-13 10:03:47,184 [Worker-8] INFO  o.e.m.c.i.l.LifecycleMappingFactory - Using org.eclipse.m2e.jdt.JarLifecycleMapping lifecycle mapping for MavenProject: com.cg:expense-code-module:0.0.1-SNAPSHOT @ C:\Users\ashwishe\Desktop\New folder (3)\expense-code-module\pom.xml.
2018-12-13 10:03:48,573 [Worker-8] INFO  o.e.m.c.i.l.LifecycleMappingFactory - Using org.eclipse.m2e.jdt.JarLifecycleMapping lifecycle mapping for MavenProject: com.cg:project-code-module:0.0.1-SNAPSHOT @ C:\Users\ashwishe\Desktop\New folder (3)\project-code-module\pom.xml.
2018-12-13 10:03:49,980 [Worker-8] INFO  o.e.m.c.i.l.LifecycleMappingFactory - Using org.eclipse.m2e.jdt.JarLifecycleMapping lifecycle mapping for MavenProject: com.cg.eureka:spring-eureka-server:1.0.0 @ C:\Users\ashwishe\Desktop\New folder (3)\spring-eureka-server\pom.xml.
2018-12-13 10:03:59,478 [Worker-8] INFO  o.e.m.j.i.AbstractJavaProjectConfigurator - Adding source folder /expense-code-module/src/main/java
2018-12-13 10:03:59,478 [Worker-8] INFO  o.e.m.j.i.AbstractJavaProjectConfigurator - Resources folder /expense-code-module/src/main/resources overlaps with sources folder /expense-code-module/src/main/resources
2018-12-13 10:03:59,478 [Worker-8] INFO  o.e.m.j.i.AbstractJavaProjectConfigurator - Resources folder /expense-code-module/src/main/resources overlaps with sources folder /expense-code-module/src/main/resources
2018-12-13 10:03:59,494 [Worker-8] INFO  o.e.m.j.i.AbstractJavaProjectConfigurator - Adding source folder /expense-code-module/src/test/java
2018-12-13 10:03:59,853 [Worker-3] INFO  o.e.m.c.i.l.LifecycleMappingFactory - Using org.eclipse.m2e.jdt.JarLifecycleMapping lifecycle mapping for MavenProject: com.cg:employee-code-module:0.0.1-SNAPSHOT @ C:\Users\ashwishe\Desktop\New folder (3)\employee-code-module\pom.xml.
2018-12-13 10:04:03,338 [Worker-8] INFO  o.e.m.j.i.AbstractJavaProjectConfigurator - Adding source folder /spring-eureka-server/src/main/java
2018-12-13 10:04:03,338 [Worker-8] INFO  o.e.m.j.i.AbstractJavaProjectConfigurator - Adding resource folder /spring-eureka-server/src/main/resources
2018-12-13 10:04:03,338 [Worker-8] INFO  o.e.m.j.i.AbstractJavaProjectConfigurator - Adding resource folder /spring-eureka-server/src/main/resources
2018-12-13 10:04:03,338 [Worker-8] INFO  o.e.m.j.i.AbstractJavaProjectConfigurator - Adding source folder /spring-eureka-server/src/test/java
2018-12-13 10:04:03,838 [Worker-3] INFO  o.e.m.c.i.l.LifecycleMappingFactory - Using org.eclipse.m2e.jdt.JarLifecycleMapping lifecycle mapping for MavenProject: com.cg.expenseclaimdetailsmodule:expense-claim-details-module:0.0.1-SNAPSHOT @ C:\Users\ashwishe\Desktop\New folder (3)\expense-claim-module\pom.xml.
2018-12-13 10:04:04,948 [Worker-8] INFO  o.e.m.j.i.AbstractJavaProjectConfigurator - Adding source folder /employee-code-module/src/main/java
2018-12-13 10:04:04,948 [Worker-8] INFO  o.e.m.j.i.AbstractJavaProjectConfigurator - Adding resource folder /employee-code-module/src/main/resources
2018-12-13 10:04:04,948 [Worker-8] INFO  o.e.m.j.i.AbstractJavaProjectConfigurator - Adding resource folder /employee-code-module/src/main/resources
2018-12-13 10:04:04,948 [Worker-8] INFO  o.e.m.j.i.AbstractJavaProjectConfigurator - Adding source folder /employee-code-module/src/test/java
2018-12-13 10:04:05,463 [Worker-3] INFO  o.e.m.c.i.l.LifecycleMappingFactory - Using org.eclipse.m2e.jdt.JarLifecycleMapping lifecycle mapping for MavenProject: com.cg:expense-code-module:0.0.1-SNAPSHOT @ C:\Users\ashwishe\Desktop\New folder (3)\expense-code-module\pom.xml.
2018-12-13 10:04:06,323 [Worker-8] INFO  o.e.m.j.i.AbstractJavaProjectConfigurator - Adding source folder /expense-claim-details-module/src/main/java
2018-12-13 10:04:06,323 [Worker-8] INFO  o.e.m.j.i.AbstractJavaProjectConfigurator - Adding resource folder /expense-claim-details-module/src/main/resources
2018-12-13 10:04:06,323 [Worker-8] INFO  o.e.m.j.i.AbstractJavaProjectConfigurator - Adding resource folder /expense-claim-details-module/src/main/resources
2018-12-13 10:04:06,323 [Worker-8] INFO  o.e.m.j.i.AbstractJavaProjectConfigurator - Adding source folder /expense-claim-details-module/src/test/java
2018-12-13 10:04:06,885 [Worker-3] INFO  o.e.m.c.i.l.LifecycleMappingFactory - Using org.eclipse.m2e.jdt.JarLifecycleMapping lifecycle mapping for MavenProject: com.cg:project-code-module:0.0.1-SNAPSHOT @ C:\Users\ashwishe\Desktop\New folder (3)\project-code-module\pom.xml.
2018-12-13 10:04:08,057 [Worker-8] INFO  o.e.m.j.i.AbstractJavaProjectConfigurator - Adding source folder /project-code-module/src/main/java
2018-12-13 10:04:08,057 [Worker-8] INFO  o.e.m.j.i.AbstractJavaProjectConfigurator - Adding resource folder /project-code-module/src/main/resources
2018-12-13 10:04:08,057 [Worker-8] INFO  o.e.m.j.i.AbstractJavaProjectConfigurator - Adding resource folder /project-code-module/src/main/resources
2018-12-13 10:04:08,057 [Worker-8] INFO  o.e.m.j.i.AbstractJavaProjectConfigurator - Adding source folder /project-code-module/src/test/java
2018-12-13 10:04:08,964 [Worker-3] INFO  o.e.m.c.i.l.LifecycleMappingFactory - Using org.eclipse.m2e.jdt.JarLifecycleMapping lifecycle mapping for MavenProject: com.cg.eureka:spring-eureka-server:1.0.0 @ C:\Users\ashwishe\Desktop\New folder (3)\spring-eureka-server\pom.xml.
2018-12-13 10:04:09,495 [Worker-8] INFO  o.e.m.c.i.p.ProjectConfigurationManager - Imported and configured 5 project(s) in 56 sec
2018-12-13 10:04:23,432 [Worker-5] INFO  o.e.m.c.i.embedder.EclipseLogger - Using 'UTF-8' encoding to copy filtered resources.
2018-12-13 10:04:23,463 [Worker-5] INFO  o.e.m.c.i.embedder.EclipseLogger - Copying 2 resources
2018-12-13 10:04:23,495 [Worker-5] INFO  o.e.m.c.i.embedder.EclipseLogger - Copying 0 resource
2018-12-13 10:04:23,510 [Worker-5] INFO  o.e.m.c.i.embedder.EclipseLogger - Using 'UTF-8' encoding to copy filtered resources.
2018-12-13 10:04:23,510 [Worker-5] INFO  o.e.m.c.i.embedder.EclipseLogger - skip non existing resourceDirectory C:\Users\ashwishe\Desktop\New folder (3)\employee-code-module\src\test\resources
2018-12-13 10:04:27,041 [Worker-5] INFO  o.e.m.c.i.embedder.EclipseLogger - Using 'UTF-8' encoding to copy filtered resources.
2018-12-13 10:04:27,041 [Worker-5] INFO  o.e.m.c.i.embedder.EclipseLogger - Copying 2 resources
2018-12-13 10:04:27,041 [Worker-5] INFO  o.e.m.c.i.embedder.EclipseLogger - Copying 0 resource
2018-12-13 10:04:27,041 [Worker-5] INFO  o.e.m.c.i.embedder.EclipseLogger - Using 'UTF-8' encoding to copy filtered resources.
2018-12-13 10:04:27,041 [Worker-5] INFO  o.e.m.c.i.embedder.EclipseLogger - skip non existing resourceDirectory C:\Users\ashwishe\Desktop\New folder (3)\expense-claim-module\src\test\resources
2018-12-13 10:04:30,573 [Worker-5] INFO  o.e.m.c.i.embedder.EclipseLogger - Using 'UTF-8' encoding to copy filtered resources.
2018-12-13 10:04:30,573 [Worker-5] INFO  o.e.m.c.i.embedder.EclipseLogger - Copying 1 resource
2018-12-13 10:04:30,573 [Worker-5] INFO  o.e.m.c.i.embedder.EclipseLogger - Copying 0 resource
2018-12-13 10:04:30,573 [Worker-5] INFO  o.e.m.c.i.embedder.EclipseLogger - Using 'UTF-8' encoding to copy filtered resources.
2018-12-13 10:04:30,573 [Worker-5] INFO  o.e.m.c.i.embedder.EclipseLogger - skip non existing resourceDirectory C:\Users\ashwishe\Desktop\New folder (3)\expense-code-module\src\test\resources
2018-12-13 10:04:34,200 [Worker-5] INFO  o.e.m.c.i.embedder.EclipseLogger - Using 'UTF-8' encoding to copy filtered resources.
2018-12-13 10:04:34,200 [Worker-5] INFO  o.e.m.c.i.embedder.EclipseLogger - Copying 2 resources
2018-12-13 10:04:34,200 [Worker-5] INFO  o.e.m.c.i.embedder.EclipseLogger - Copying 0 resource
2018-12-13 10:04:34,200 [Worker-5] INFO  o.e.m.c.i.embedder.EclipseLogger - Using 'UTF-8' encoding to copy filtered resources.
2018-12-13 10:04:34,200 [Worker-5] INFO  o.e.m.c.i.embedder.EclipseLogger - skip non existing resourceDirectory C:\Users\ashwishe\Desktop\New folder (3)\project-code-module\src\test\resources
2018-12-13 10:04:38,666 [Worker-5] INFO  o.e.m.c.i.embedder.EclipseLogger - Using 'UTF-8' encoding to copy filtered resources.
2018-12-13 10:04:38,666 [Worker-5] INFO  o.e.m.c.i.embedder.EclipseLogger - Copying 2 resources
2018-12-13 10:04:38,681 [Worker-5] INFO  o.e.m.c.i.embedder.EclipseLogger - Copying 1 resource
2018-12-13 10:04:38,697 [Worker-5] INFO  o.e.m.c.i.embedder.EclipseLogger - Using 'UTF-8' encoding to copy filtered resources.
2018-12-13 10:04:38,697 [Worker-5] INFO  o.e.m.c.i.embedder.EclipseLogger - skip non existing resourceDirectory C:\Users\ashwishe\Desktop\New folder (3)\spring-eureka-server\src\test\resources
