2018-11-28 15:27:33,888 [Worker-4] INFO  o.e.m.c.i.l.LifecycleMappingFactory - Using org.eclipse.m2e.jdt.JarLifecycleMapping lifecycle mapping for MavenProject: com.rama.mongo.operation:mongo-db-operation:0.0.1-SNAPSHOT @ C:\Users\ashwishe\Desktop\training-master\mongo-db-operation\pom.xml.
2018-11-28 15:27:37,561 [Worker-4] INFO  o.e.m.j.i.AbstractJavaProjectConfigurator - Adding source folder /mongo-db-operation/src/main/java
2018-11-28 15:27:37,561 [Worker-4] INFO  o.e.m.j.i.AbstractJavaProjectConfigurator - Adding resource folder /mongo-db-operation/src/main/resources
2018-11-28 15:27:37,567 [Worker-4] INFO  o.e.m.j.i.AbstractJavaProjectConfigurator - Adding resource folder /mongo-db-operation/src/main/resources
2018-11-28 15:27:37,572 [Worker-4] INFO  o.e.m.j.i.AbstractJavaProjectConfigurator - Adding source folder /mongo-db-operation/src/test/java
2018-11-28 15:27:37,573 [Worker-4] INFO  o.e.m.j.i.AbstractJavaProjectConfigurator - Adding resource folder /mongo-db-operation/src/test/resources
2018-11-28 15:27:38,142 [Worker-2] INFO  o.e.m.c.i.l.LifecycleMappingFactory - Using org.eclipse.m2e.jdt.JarLifecycleMapping lifecycle mapping for MavenProject: com.rama.mongo.operation:mongo-db-operation:0.0.1-SNAPSHOT @ C:\Users\ashwishe\Desktop\training-master\mongo-db-operation\pom.xml.
2018-11-28 15:27:38,897 [Worker-4] INFO  o.e.m.c.i.p.ProjectConfigurationManager - Imported and configured 1 project(s) in 6 sec
2018-11-28 15:27:41,575 [Worker-4] INFO  o.e.m.c.i.l.LifecycleMappingFactory - Using org.eclipse.m2e.jdt.JarLifecycleMapping lifecycle mapping for MavenProject: com.rama.mongo.operation:mongo-db-operation:0.0.1-SNAPSHOT @ C:\Users\ashwishe\Desktop\training-master\mongo-db-operation\pom.xml.
2018-11-28 15:27:44,122 [Worker-4] INFO  o.e.m.c.i.embedder.EclipseLogger - Using 'UTF-8' encoding to copy filtered resources.
2018-11-28 15:27:44,125 [Worker-4] INFO  o.e.m.c.i.embedder.EclipseLogger - Copying 2 resources
2018-11-28 15:27:44,140 [Worker-4] INFO  o.e.m.c.i.embedder.EclipseLogger - Copying 1 resource
2018-11-28 15:27:44,186 [Worker-4] INFO  o.e.m.c.i.embedder.EclipseLogger - Using 'UTF-8' encoding to copy filtered resources.
2018-11-28 15:27:44,187 [Worker-4] INFO  o.e.m.c.i.embedder.EclipseLogger - Copying 1 resource
2018-11-28 15:28:04,909 [Worker-4] INFO  o.e.m.c.i.embedder.EclipseLogger - Using 'UTF-8' encoding to copy filtered resources.
2018-11-28 15:28:04,912 [Worker-4] INFO  o.e.m.c.i.embedder.EclipseLogger - Copying 2 resources
2018-11-28 15:28:04,918 [Worker-4] INFO  o.e.m.c.i.embedder.EclipseLogger - Copying 1 resource
2018-11-28 15:28:04,920 [Worker-4] INFO  o.e.m.c.i.embedder.EclipseLogger - Using 'UTF-8' encoding to copy filtered resources.
2018-11-28 15:28:04,921 [Worker-4] INFO  o.e.m.c.i.embedder.EclipseLogger - Copying 0 resource
2018-11-28 15:28:44,620 [Worker-1] INFO  o.e.m.c.i.embedder.EclipseLogger - Using 'UTF-8' encoding to copy filtered resources.
2018-11-28 15:28:44,621 [Worker-1] INFO  o.e.m.c.i.embedder.EclipseLogger - Copying 2 resources
2018-11-28 15:28:44,626 [Worker-1] INFO  o.e.m.c.i.embedder.EclipseLogger - Copying 1 resource
2018-11-28 15:28:44,628 [Worker-1] INFO  o.e.m.c.i.embedder.EclipseLogger - Using 'UTF-8' encoding to copy filtered resources.
2018-11-28 15:28:44,628 [Worker-1] INFO  o.e.m.c.i.embedder.EclipseLogger - Copying 0 resource
2018-11-28 15:29:06,352 [Worker-10] INFO  o.e.m.c.i.embedder.EclipseLogger - Using 'UTF-8' encoding to copy filtered resources.
2018-11-28 15:29:06,353 [Worker-10] INFO  o.e.m.c.i.embedder.EclipseLogger - Copying 2 resources
2018-11-28 15:29:06,359 [Worker-10] INFO  o.e.m.c.i.embedder.EclipseLogger - Copying 1 resource
2018-11-28 15:29:06,361 [Worker-10] INFO  o.e.m.c.i.embedder.EclipseLogger - Using 'UTF-8' encoding to copy filtered resources.
2018-11-28 15:29:06,361 [Worker-10] INFO  o.e.m.c.i.embedder.EclipseLogger - Copying 0 resource
2018-11-28 15:36:09,705 [Worker-12] INFO  o.e.m.c.i.embedder.EclipseLogger - Using 'UTF-8' encoding to copy filtered resources.
2018-11-28 15:36:09,706 [Worker-12] INFO  o.e.m.c.i.embedder.EclipseLogger - Copying 2 resources
2018-11-28 15:36:09,722 [Worker-12] INFO  o.e.m.c.i.embedder.EclipseLogger - Copying 1 resource
2018-11-28 15:36:09,728 [Worker-12] INFO  o.e.m.c.i.embedder.EclipseLogger - Using 'UTF-8' encoding to copy filtered resources.
2018-11-28 15:36:09,730 [Worker-12] INFO  o.e.m.c.i.embedder.EclipseLogger - Copying 0 resource
